<?xml version="1.0" encoding="UTF-8"?>
<!-- Generated by org.testng.reporters.JUnitReportReporter -->
<testsuite hostname="DESKTOP-396J4GE" failures="0" tests="1" name="org.pojoclass.RunnerClass" time="78.069" errors="0" timestamp="08 Jan 2023 01:00:52 GMT" skipped="0">
  <testcase classname="org.pojoclass.RunnerClass" name="adactinPage" time="78.069"/>
</testsuite> <!-- org.pojoclass.RunnerClass -->
